<?xml version="1.0" encoding="UTF-8"?>
<testsuite xmlns:xsi="http://www.w3.org/2001/XMLSchema-instance" xsi:noNamespaceSchemaLocation="https://maven.apache.org/surefire/maven-surefire-plugin/xsd/surefire-test-report-3.0.xsd" version="3.0" name="org.apache.dubbo.common.URLTest" time="0.282" tests="46" errors="0" skipped="0" failures="0">
  <properties>
    <property name="awt.toolkit" value="sun.awt.X11.XToolkit"/>
    <property name="file.encoding.pkg" value="sun.io"/>
    <property name="java.specification.version" value="1.8"/>
    <property name="sun.cpu.isalist" value=""/>
    <property name="sun.jnu.encoding" value="UTF-8"/>
    <property name="java.class.path" value="/root/dubbo/dubbo-common/target/test-classes:/root/dubbo/dubbo-common/target/classes:/root/.m2/repository/org/slf4j/slf4j-api/1.7.25/slf4j-api-1.7.25.jar:/root/.m2/repository/commons-logging/commons-logging/1.2/commons-logging-1.2.jar:/root/.m2/repository/log4j/log4j/1.2.16/log4j-1.2.16.jar:/root/.m2/repository/org/apache/logging/log4j/log4j-api/2.17.0/log4j-api-2.17.0.jar:/root/.m2/repository/org/apache/logging/log4j/log4j-core/2.17.0/log4j-core-2.17.0.jar:/root/.m2/repository/org/javassist/javassist/3.28.0-GA/javassist-3.28.0-GA.jar:/root/.m2/repository/com/alibaba/fastjson/1.2.70/fastjson-1.2.70.jar:/root/.m2/repository/com/google/code/gson/gson/2.8.5/gson-2.8.5.jar:/root/.m2/repository/commons-io/commons-io/2.6/commons-io-2.6.jar:/root/.m2/repository/javax/annotation/javax.annotation-api/1.3.2/javax.annotation-api-1.3.2.jar:/root/.m2/repository/com/google/protobuf/protobuf-java/3.19.2/protobuf-java-3.19.2.jar:/root/.m2/repository/io/projectreactor/reactor-core/3.4.9/reactor-core-3.4.9.jar:/root/.m2/repository/org/reactivestreams/reactive-streams/1.0.3/reactive-streams-1.0.3.jar:/root/.m2/repository/io/reactivex/rxjava2/rxjava/2.2.21/rxjava-2.2.21.jar:/root/.m2/repository/org/junit/jupiter/junit-jupiter-engine/5.8.1/junit-jupiter-engine-5.8.1.jar:/root/.m2/repository/org/junit/platform/junit-platform-engine/1.8.1/junit-platform-engine-1.8.1.jar:/root/.m2/repository/org/apiguardian/apiguardian-api/1.1.2/apiguardian-api-1.1.2.jar:/root/.m2/repository/org/junit/jupiter/junit-jupiter-api/5.8.1/junit-jupiter-api-5.8.1.jar:/root/.m2/repository/org/opentest4j/opentest4j/1.2.0/opentest4j-1.2.0.jar:/root/.m2/repository/org/junit/platform/junit-platform-commons/1.8.1/junit-platform-commons-1.8.1.jar:/root/.m2/repository/org/junit/jupiter/junit-jupiter-params/5.8.1/junit-jupiter-params-5.8.1.jar:/root/.m2/repository/org/hamcrest/hamcrest/2.2/hamcrest-2.2.jar:/root/.m2/repository/org/mockito/mockito-core/3.12.4/mockito-core-3.12.4.jar:/root/.m2/repository/net/bytebuddy/byte-buddy/1.11.13/byte-buddy-1.11.13.jar:/root/.m2/repository/net/bytebuddy/byte-buddy-agent/1.11.13/byte-buddy-agent-1.11.13.jar:/root/.m2/repository/org/objenesis/objenesis/3.2/objenesis-3.2.jar:/root/.m2/repository/org/mockito/mockito-inline/3.12.4/mockito-inline-3.12.4.jar:/root/.m2/repository/cglib/cglib-nodep/2.2/cglib-nodep-2.2.jar:"/>
    <property name="java.vm.vendor" value="Private Build"/>
    <property name="sun.arch.data.model" value="64"/>
    <property name="java.vendor.url" value="http://java.oracle.com/"/>
    <property name="user.timezone" value="Etc/UTC"/>
    <property name="java.vm.specification.version" value="1.8"/>
    <property name="os.name" value="Linux"/>
    <property name="user.country" value="US"/>
    <property name="sun.java.launcher" value="SUN_STANDARD"/>
    <property name="sun.boot.library.path" value="/usr/lib/jvm/java-8-openjdk-amd64/jre/lib/amd64"/>
    <property name="sun.java.command" value="/root/dubbo/dubbo-common/target/surefire/surefirebooter3596490385436345338.jar /root/dubbo/dubbo-common/target/surefire 2022-02-11T06-05-45_618-jvmRun1 surefire2632520739991665678tmp surefire_0201448166617451789tmp"/>
    <property name="surefire.test.class.path" value="/root/dubbo/dubbo-common/target/test-classes:/root/dubbo/dubbo-common/target/classes:/root/.m2/repository/org/slf4j/slf4j-api/1.7.25/slf4j-api-1.7.25.jar:/root/.m2/repository/commons-logging/commons-logging/1.2/commons-logging-1.2.jar:/root/.m2/repository/log4j/log4j/1.2.16/log4j-1.2.16.jar:/root/.m2/repository/org/apache/logging/log4j/log4j-api/2.17.0/log4j-api-2.17.0.jar:/root/.m2/repository/org/apache/logging/log4j/log4j-core/2.17.0/log4j-core-2.17.0.jar:/root/.m2/repository/org/javassist/javassist/3.28.0-GA/javassist-3.28.0-GA.jar:/root/.m2/repository/com/alibaba/fastjson/1.2.70/fastjson-1.2.70.jar:/root/.m2/repository/com/google/code/gson/gson/2.8.5/gson-2.8.5.jar:/root/.m2/repository/commons-io/commons-io/2.6/commons-io-2.6.jar:/root/.m2/repository/javax/annotation/javax.annotation-api/1.3.2/javax.annotation-api-1.3.2.jar:/root/.m2/repository/com/google/protobuf/protobuf-java/3.19.2/protobuf-java-3.19.2.jar:/root/.m2/repository/io/projectreactor/reactor-core/3.4.9/reactor-core-3.4.9.jar:/root/.m2/repository/org/reactivestreams/reactive-streams/1.0.3/reactive-streams-1.0.3.jar:/root/.m2/repository/io/reactivex/rxjava2/rxjava/2.2.21/rxjava-2.2.21.jar:/root/.m2/repository/org/junit/jupiter/junit-jupiter-engine/5.8.1/junit-jupiter-engine-5.8.1.jar:/root/.m2/repository/org/junit/platform/junit-platform-engine/1.8.1/junit-platform-engine-1.8.1.jar:/root/.m2/repository/org/apiguardian/apiguardian-api/1.1.2/apiguardian-api-1.1.2.jar:/root/.m2/repository/org/junit/jupiter/junit-jupiter-api/5.8.1/junit-jupiter-api-5.8.1.jar:/root/.m2/repository/org/opentest4j/opentest4j/1.2.0/opentest4j-1.2.0.jar:/root/.m2/repository/org/junit/platform/junit-platform-commons/1.8.1/junit-platform-commons-1.8.1.jar:/root/.m2/repository/org/junit/jupiter/junit-jupiter-params/5.8.1/junit-jupiter-params-5.8.1.jar:/root/.m2/repository/org/hamcrest/hamcrest/2.2/hamcrest-2.2.jar:/root/.m2/repository/org/mockito/mockito-core/3.12.4/mockito-core-3.12.4.jar:/root/.m2/repository/net/bytebuddy/byte-buddy/1.11.13/byte-buddy-1.11.13.jar:/root/.m2/repository/net/bytebuddy/byte-buddy-agent/1.11.13/byte-buddy-agent-1.11.13.jar:/root/.m2/repository/org/objenesis/objenesis/3.2/objenesis-3.2.jar:/root/.m2/repository/org/mockito/mockito-inline/3.12.4/mockito-inline-3.12.4.jar:/root/.m2/repository/cglib/cglib-nodep/2.2/cglib-nodep-2.2.jar:"/>
    <property name="sun.cpu.endian" value="little"/>
    <property name="user.home" value="/root"/>
    <property name="user.language" value="en"/>
    <property name="java.specification.vendor" value="Oracle Corporation"/>
    <property name="java.home" value="/usr/lib/jvm/java-8-openjdk-amd64/jre"/>
    <property name="basedir" value="/root/dubbo/dubbo-common"/>
    <property name="file.separator" value="/"/>
    <property name="line.separator" value="&#10;"/>
    <property name="java.vm.specification.vendor" value="Oracle Corporation"/>
    <property name="java.specification.name" value="Java Platform API Specification"/>
    <property name="java.awt.graphicsenv" value="sun.awt.X11GraphicsEnvironment"/>
    <property name="surefire.real.class.path" value="/root/dubbo/dubbo-common/target/surefire/surefirebooter3596490385436345338.jar"/>
    <property name="sun.boot.class.path" value="/usr/lib/jvm/java-8-openjdk-amd64/jre/lib/resources.jar:/usr/lib/jvm/java-8-openjdk-amd64/jre/lib/rt.jar:/usr/lib/jvm/java-8-openjdk-amd64/jre/lib/sunrsasign.jar:/usr/lib/jvm/java-8-openjdk-amd64/jre/lib/jsse.jar:/usr/lib/jvm/java-8-openjdk-amd64/jre/lib/jce.jar:/usr/lib/jvm/java-8-openjdk-amd64/jre/lib/charsets.jar:/usr/lib/jvm/java-8-openjdk-amd64/jre/lib/jfr.jar:/usr/lib/jvm/java-8-openjdk-amd64/jre/classes"/>
    <property name="sun.management.compiler" value="HotSpot 64-Bit Tiered Compilers"/>
    <property name="java.runtime.version" value="1.8.0_292-8u292-b10-0ubuntu1~16.04.1-b10"/>
    <property name="java.net.preferIPv4Stack" value="true"/>
    <property name="user.name" value="root"/>
    <property name="path.separator" value=":"/>
    <property name="os.version" value="4.4.0-1128-aws"/>
    <property name="java.endorsed.dirs" value="/usr/lib/jvm/java-8-openjdk-amd64/jre/lib/endorsed"/>
    <property name="java.runtime.name" value="OpenJDK Runtime Environment"/>
    <property name="file.encoding" value="UTF-8"/>
    <property name="java.vm.name" value="OpenJDK 64-Bit Server VM"/>
    <property name="localRepository" value="/root/.m2/repository"/>
    <property name="java.vendor.url.bug" value="http://bugreport.sun.com/bugreport/"/>
    <property name="java.io.tmpdir" value="/tmp"/>
    <property name="java.version" value="1.8.0_292"/>
    <property name="user.dir" value="/root/dubbo/dubbo-common"/>
    <property name="os.arch" value="amd64"/>
    <property name="java.vm.specification.name" value="Java Virtual Machine Specification"/>
    <property name="java.awt.printerjob" value="sun.print.PSPrinterJob"/>
    <property name="sun.os.patch.level" value="unknown"/>
    <property name="java.library.path" value="/usr/java/packages/lib/amd64:/usr/lib/x86_64-linux-gnu/jni:/lib/x86_64-linux-gnu:/usr/lib/x86_64-linux-gnu:/usr/lib/jni:/lib:/usr/lib"/>
    <property name="java.vm.info" value="mixed mode"/>
    <property name="java.vendor" value="Private Build"/>
    <property name="java.vm.version" value="25.292-b10"/>
    <property name="java.ext.dirs" value="/usr/lib/jvm/java-8-openjdk-amd64/jre/lib/ext:/usr/java/packages/lib/ext"/>
    <property name="sun.io.unicode.encoding" value="UnicodeLittle"/>
    <property name="java.class.version" value="52.0"/>
  </properties>
  <testcase name="test_javaNetUrl" classname="org.apache.dubbo.common.URLTest" time="0.002"/>
  <testcase name="testAddParameters" classname="org.apache.dubbo.common.URLTest" time="0.009"/>
  <testcase name="testGetAuthority" classname="org.apache.dubbo.common.URLTest" time="0.001"/>
  <testcase name="testIpV6Address" classname="org.apache.dubbo.common.URLTest" time="0.008"/>
  <testcase name="test_noValueKey" classname="org.apache.dubbo.common.URLTest" time="0.001"/>
  <testcase name="test_getAddress" classname="org.apache.dubbo.common.URLTest" time="0.001"/>
  <testcase name="testGetColonSeparatedKey" classname="org.apache.dubbo.common.URLTest" time="0.005"/>
  <testcase name="testGetParameter" classname="org.apache.dubbo.common.URLTest" time="0.073"/>
  <testcase name="testEqualsWithProtocol" classname="org.apache.dubbo.common.URLTest" time="0.001"/>
  <testcase name="test_Path" classname="org.apache.dubbo.common.URLTest" time="0.004"/>
  <testcase name="testDefaultPort" classname="org.apache.dubbo.common.URLTest" time="0"/>
  <testcase name="test_getAbsolutePath" classname="org.apache.dubbo.common.URLTest" time="0.001"/>
  <testcase name="test_addParameters_SameKv" classname="org.apache.dubbo.common.URLTest" time="0.005"/>
  <testcase name="test_removeParameters" classname="org.apache.dubbo.common.URLTest" time="0.003"/>
  <testcase name="test_equals" classname="org.apache.dubbo.common.URLTest" time="0.002"/>
  <testcase name="test_addParameters" classname="org.apache.dubbo.common.URLTest" time="0.002"/>
  <testcase name="test_Anyhost" classname="org.apache.dubbo.common.URLTest" time="0.001"/>
  <testcase name="testUserNamePasswordContainsAt" classname="org.apache.dubbo.common.URLTest" time="0.002"/>
  <testcase name="testValueOf" classname="org.apache.dubbo.common.URLTest" time="0.007"/>
  <testcase name="testGetServiceKey" classname="org.apache.dubbo.common.URLTest" time="0.005"/>
  <testcase name="test_valueOf_Exception_noProtocol" classname="org.apache.dubbo.common.URLTest" time="0.002"/>
  <testcase name="test_addParameterIfAbsent" classname="org.apache.dubbo.common.URLTest" time="0.001"/>
  <testcase name="test_valueOf_WithProtocolHost" classname="org.apache.dubbo.common.URLTest" time="0.005"/>
  <testcase name="test_toFullString" classname="org.apache.dubbo.common.URLTest" time="0.002"/>
  <testcase name="test_valueOf_noProtocol" classname="org.apache.dubbo.common.URLTest" time="0.003"/>
  <testcase name="test_valueOf_spaceSafe" classname="org.apache.dubbo.common.URLTest" time="0.003"/>
  <testcase name="test_addParameter_sameKv" classname="org.apache.dubbo.common.URLTest" time="0"/>
  <testcase name="testIpV6AddressWithScopeId" classname="org.apache.dubbo.common.URLTest" time="0.001"/>
  <testcase name="test_addParameter" classname="org.apache.dubbo.common.URLTest" time="0.003"/>
  <testcase name="testHashcode" classname="org.apache.dubbo.common.URLTest" time="0.001"/>
  <testcase name="test_Localhost" classname="org.apache.dubbo.common.URLTest" time="0.004"/>
  <testcase name="test_valueOf_noHost" classname="org.apache.dubbo.common.URLTest" time="0.001"/>
  <testcase name="testEqualsWithPassword" classname="org.apache.dubbo.common.URLTest" time="0.001"/>
  <testcase name="test_set_methods" classname="org.apache.dubbo.common.URLTest" time="0.006"/>
  <testcase name="testParameterContainPound" classname="org.apache.dubbo.common.URLTest" time="0.001"/>
  <testcase name="test_toString" classname="org.apache.dubbo.common.URLTest" time="0"/>
  <testcase name="testEquals" classname="org.apache.dubbo.common.URLTest" time="0.005"/>
  <testcase name="test_valueOfHasNameWithoutValue" classname="org.apache.dubbo.common.URLTest" time="0"/>
  <testcase name="test_valueOf_noProtocolAndHost" classname="org.apache.dubbo.common.URLTest" time="0.001"/>
  <testcase name="test_windowAbsolutePathBeginWithSlashIsValid" classname="org.apache.dubbo.common.URLTest" time="0"/>
  <testcase name="testGetUserInformation" classname="org.apache.dubbo.common.URLTest" time="0"/>
  <testcase name="test_ignore_pond" classname="org.apache.dubbo.common.URLTest" time="0.008"/>
  <testcase name="testGetParameters" classname="org.apache.dubbo.common.URLTest" time="0.001"/>
  <testcase name="testEqualsWithPath" classname="org.apache.dubbo.common.URLTest" time="0.001"/>
  <testcase name="testEqualsWithPort" classname="org.apache.dubbo.common.URLTest" time="0.001"/>
  <testcase name="testEqualsWithUser" classname="org.apache.dubbo.common.URLTest" time="0.004"/>
</testsuite>